<?xml version="1.0" encoding="UTF-8"?>
<!-- Generated by org.testng.reporters.JUnitReportReporter -->
<testsuite hostname="DESKTOP-59D51MJ" failures="0" tests="1" name="TestNG.TestNGtestclass3" time="3.224" errors="0" timestamp="22 May 2025 11:34:07 GMT" skipped="0">
  <testcase classname="TestNG.TestNGtestclass3" name="Actionclass" time="3.224"/>
</testsuite> <!-- TestNG.TestNGtestclass3 -->
