<?xml version="1.0" encoding="UTF-8"?>
<!-- Generated by org.testng.reporters.JUnitReportReporter -->
<testsuite hostname="DESKTOP-59D51MJ" failures="0" tests="1" name="TestNG.testNGtestclass2" time="3.366" errors="0" timestamp="22 May 2025 11:34:07 GMT" skipped="0">
  <testcase classname="TestNG.testNGtestclass2" name="Loginpage" time="3.366"/>
</testsuite> <!-- TestNG.testNGtestclass2 -->
