<?xml version="1.0" encoding="UTF-8"?>
<!-- Generated by org.testng.reporters.JUnitReportReporter -->
<testsuite hostname="DESKTOP-59D51MJ" failures="0" tests="2" name="SeleniumwithTestNG" time="8.543" errors="0" timestamp="21 May 2025 17:33:45 GMT" skipped="0">
  <testcase classname="SeleniumwithTestNG" name="TestNGLoginpage2" time="5.798"/>
  <testcase classname="SeleniumwithTestNG" name="TestNGloginpage1" time="2.745"/>
</testsuite> <!-- SeleniumwithTestNG -->
