<?xml version="1.0" encoding="UTF-8"?>
<!-- Generated by org.testng.reporters.JUnitReportReporter -->
<testsuite hostname="DESKTOP-59D51MJ" failures="0" tests="2" name="TestNG.TestNGtestclass" time="11.851" errors="0" timestamp="23 May 2025 15:48:48 GMT" skipped="0">
  <testcase classname="TestNG.TestNGtestclass" name="TestNGloginpage1" time="3.089"/>
  <testcase classname="TestNG.TestNGtestclass" name="TestNGLoginpage2" time="8.762"/>
</testsuite> <!-- TestNG.TestNGtestclass -->
