<?xml version="1.0" encoding="UTF-8"?>
<!-- Generated by org.testng.reporters.JUnitReportReporter -->
<testsuite hostname="DESKTOP-59D51MJ" failures="0" tests="1" name="TestNG.Runclass" time="1.094" errors="0" timestamp="23 May 2025 16:38:22 GMT" skipped="0">
  <testcase classname="TestNG.Runclass" name="Signup" time="1.094"/>
</testsuite> <!-- TestNG.Runclass -->
